{
  "RSpec": {
    "coverage": {
      "/Users/veronika/Documents/Programming/RubyMine/GroupProject/smart_contracts/p2pv2/app/helpers/application_helper.rb": [
        1,
        null
      ],
      "/Users/veronika/Documents/Programming/RubyMine/GroupProject/smart_contracts/p2pv2/app/helpers/contracts_helper.rb": [
        1,
        null
      ],
      "/Users/veronika/Documents/Programming/RubyMine/GroupProject/smart_contracts/p2pv2/app/helpers/items_helper.rb": [
        1,
        null
      ],
      "/Users/veronika/Documents/Programming/RubyMine/GroupProject/smart_contracts/p2pv2/app/helpers/static_pages_helper.rb": [
        1,
        null
      ],
      "/Users/veronika/Documents/Programming/RubyMine/GroupProject/smart_contracts/p2pv2/app/helpers/users_helper.rb": [
        1,
        1,
        0,
        null,
        1,
        0,
        null,
        1,
        0,
        null,
        null
      ],
      "/Users/veronika/Documents/Programming/RubyMine/GroupProject/smart_contracts/p2pv2/app/controllers/application_controller.rb": [
        1,
        null,
        null,
        1,
        null
      ],
      "/Users/veronika/Documents/Programming/RubyMine/GroupProject/smart_contracts/p2pv2/app/controllers/contracts_controller.rb": [
        1,
        1,
        null,
        null,
        null,
        1,
        2,
        null,
        null,
        null,
        null,
        1,
        0,
        null,
        null,
        null,
        1,
        1,
        1,
        1,
        1,
        1,
        1,
        6,
        1,
        1,
        1,
        1,
        1,
        null,
        null,
        null,
        null,
        null,
        1,
        null,
        null,
        null,
        null,
        1,
        3,
        null,
        3,
        3,
        1,
        0,
        0,
        0,
        null,
        4,
        2,
        null,
        null,
        null,
        null,
        null,
        null,
        1,
        2,
        2,
        2,
        1,
        null,
        2,
        1,
        null,
        null,
        null,
        null,
        1,
        2,
        1,
        null,
        1,
        1,
        0,
        0,
        0,
        null,
        null,
        1,
        null,
        0,
        0,
        0,
        0,
        null,
        0,
        0,
        null,
        null,
        null,
        null,
        null,
        null,
        null,
        1,
        0,
        0,
        null,
        0,
        0,
        0,
        0,
        null,
        null,
        null,
        1,
        0,
        null,
        null,
        null,
        null,
        1,
        1,
        1,
        2,
        1,
        null,
        null,
        null,
        1,
        null,
        1,
        3,
        null,
        null,
        null,
        1,
        5,
        5,
        null,
        null
      ],
      "/Users/veronika/Documents/Programming/RubyMine/GroupProject/smart_contracts/p2pv2/app/controllers/items_controller.rb": [
        1,
        1,
        1,
        null,
        null,
        null,
        null,
        1,
        4,
        4,
        0,
        4,
        0,
        4,
        0,
        null,
        4,
        null,
        null,
        null,
        null,
        null,
        1,
        0,
        null,
        null,
        null,
        1,
        3,
        1,
        null,
        2,
        2,
        null,
        null,
        null,
        null,
        1,
        null,
        null,
        null,
        null,
        null,
        null,
        1,
        2,
        null,
        2,
        2,
        2,
        1,
        null,
        2,
        1,
        null,
        null,
        null,
        null,
        null,
        null,
        1,
        2,
        2,
        2,
        1,
        null,
        2,
        1,
        null,
        null,
        null,
        null,
        null,
        null,
        1,
        1,
        1,
        2,
        1,
        null,
        null,
        null,
        1,
        null,
        1,
        3,
        null,
        null,
        null,
        1,
        4,
        null,
        null
      ],
      "/Users/veronika/Documents/Programming/RubyMine/GroupProject/smart_contracts/p2pv2/app/controllers/static_pages_controller.rb": [
        1,
        1,
        null,
        null,
        1,
        null,
        null,
        1,
        null,
        null
      ],
      "/Users/veronika/Documents/Programming/RubyMine/GroupProject/smart_contracts/p2pv2/app/controllers/users/registrations_controller.rb": [
        1,
        null,
        null,
        null,
        null,
        null,
        null,
        null,
        null,
        null,
        null,
        null,
        null,
        null,
        1,
        2,
        2,
        1,
        1,
        null,
        1,
        null,
        null,
        null,
        null,
        null,
        null,
        null,
        null,
        null,
        null,
        null,
        null,
        null,
        null,
        null,
        null,
        null,
        null,
        null,
        null,
        null,
        null,
        null,
        null,
        null,
        null,
        null,
        null,
        null,
        null,
        null,
        null,
        null,
        null,
        null,
        null,
        null,
        null,
        null,
        null,
        null,
        null,
        null,
        null,
        null,
        null,
        null,
        null,
        null,
        null,
        1,
        null,
        1,
        2,
        null,
        null,
        null
      ],
      "/Users/veronika/Documents/Programming/RubyMine/GroupProject/smart_contracts/p2pv2/app/controllers/users_controller.rb": [
        1,
        1,
        null,
        null,
        null,
        1,
        2,
        null,
        null,
        null,
        null,
        1,
        1,
        1,
        1,
        1,
        null,
        null,
        null,
        null,
        1,
        2,
        null,
        null,
        null,
        1,
        null,
        null,
        null,
        null,
        1,
        2,
        null,
        2,
        2,
        0,
        0,
        null,
        4,
        2,
        null,
        null,
        null,
        null,
        null,
        null,
        1,
        2,
        2,
        2,
        1,
        null,
        2,
        1,
        null,
        null,
        null,
        null,
        null,
        null,
        1,
        1,
        1,
        2,
        1,
        null,
        null,
        null,
        1,
        null,
        1,
        5,
        null,
        null,
        null,
        1,
        4,
        null,
        null
      ],
      "/Users/veronika/Documents/Programming/RubyMine/GroupProject/smart_contracts/p2pv2/app/models/contract.rb": [
        1,
        null,
        null,
        null,
        null,
        1,
        1,
        1,
        1,
        null
      ],
      "/Users/veronika/Documents/Programming/RubyMine/GroupProject/smart_contracts/p2pv2/app/models/item.rb": [
        1,
        null,
        1,
        1,
        null,
        null,
        1,
        1,
        null,
        1,
        1,
        null,
        1,
        1,
        null,
        null,
        1,
        1,
        null,
        null,
        1,
        10,
        null,
        null
      ],
      "/Users/veronika/Documents/Programming/RubyMine/GroupProject/smart_contracts/p2pv2/app/models/user.rb": [
        1,
        null,
        null,
        1,
        null,
        null,
        null,
        1,
        null,
        null,
        39,
        null,
        null,
        null,
        1,
        1,
        1,
        null,
        1,
        1,
        null,
        null,
        null,
        null,
        null
      ]
    },
    "timestamp": 1463143576
  }
}
